# JRE version: OpenJDK Runtime Environment Temurin-17.0.12+7 (17.0.12+7) (build 17.0.12+7)
# Java VM: OpenJDK 64-Bit Server VM Temurin-17.0.12+7 (17.0.12+7, mixed mode, tiered, compressed oops, compressed class ptrs, g1 gc, bsd-aarch64)
GC Precious Log:
 CPUs: 8 total, 8 available
 Memory: 16384M
 Large Page Support: Disabled
 NUMA Support: Disabled
 Compressed Oops: Enabled (Zero based)
 Heap Region Size: 1M
 Heap Min Capacity: 8M
 Heap Initial Capacity: 256M
 Heap Max Capacity: 512M
 Pre-touch: Disabled
 Parallel Workers: 8
 Concurrent Workers: 2
 Concurrent Refinement Workers: 8
 Periodic GC: Disabled
Heap:
 garbage-first heap   total 27648K, used 15626K [0x00000007e0000000, 0x0000000800000000)
  region size 1024K, 11 young (11264K), 1 survivors (1024K)
 Metaspace       used 25965K, committed 26176K, reserved 1114112K
  class space    used 3003K, committed 3072K, reserved 1048576K
GC Heap History (10 events):
Event: 0.320 GC heap before
{Heap before GC invocations=0 (full 0):
 garbage-first heap   total 262144K, used 22528K [0x00000007e0000000, 0x0000000800000000)
  region size 1024K, 23 young (23552K), 0 survivors (0K)
 Metaspace       used 14269K, committed 14464K, reserved 1114112K
  class space    used 1509K, committed 1600K, reserved 1048576K
}
Event: 0.322 GC heap after
{Heap after GC invocations=1 (full 0):
 garbage-first heap   total 262144K, used 4985K [0x00000007e0000000, 0x0000000800000000)
  region size 1024K, 3 young (3072K), 3 survivors (3072K)
 Metaspace       used 14269K, committed 14464K, reserved 1114112K
  class space    used 1509K, committed 1600K, reserved 1048576K
}
Event: 0.499 GC heap before
{Heap before GC invocations=1 (full 0):
 garbage-first heap   total 262144K, used 36729K [0x00000007e0000000, 0x0000000800000000)
  region size 1024K, 33 young (33792K), 3 survivors (3072K)
 Metaspace       used 20450K, committed 20736K, reserved 1114112K
  class space    used 2283K, committed 2432K, reserved 1048576K
}
Event: 0.501 GC heap after
{Heap after GC invocations=2 (full 0):
 garbage-first heap   total 262144K, used 6171K [0x00000007e0000000, 0x0000000800000000)
  region size 1024K, 2 young (2048K), 2 survivors (2048K)
 Metaspace       used 20450K, committed 20736K, reserved 1114112K
  class space    used 2283K, committed 2432K, reserved 1048576K
}
Event: 0.522 GC heap before
{Heap before GC invocations=2 (full 0):
 garbage-first heap   total 262144K, used 11291K [0x00000007e0000000, 0x0000000800000000)
  region size 1024K, 8 young (8192K), 2 survivors (2048K)
 Metaspace       used 21318K, committed 21504K, reserved 1114112K
  class space    used 2392K, committed 2496K, reserved 1048576K
}
Event: 0.523 GC heap after
{Heap after GC invocations=3 (full 0):
 garbage-first heap   total 262144K, used 6262K [0x00000007e0000000, 0x0000000800000000)
  region size 1024K, 2 young (2048K), 2 survivors (2048K)
 Metaspace       used 21318K, committed 21504K, reserved 1114112K
  class space    used 2392K, committed 2496K, reserved 1048576K
}
Event: 0.617 GC heap before
{Heap before GC invocations=4 (full 0):
 garbage-first heap   total 27648K, used 21622K [0x00000007e0000000, 0x0000000800000000)
  region size 1024K, 18 young (18432K), 2 survivors (2048K)
 Metaspace       used 23895K, committed 24128K, reserved 1114112K
  class space    used 2749K, committed 2880K, reserved 1048576K
}
Event: 0.619 GC heap after
{Heap after GC invocations=5 (full 0):
 garbage-first heap   total 27648K, used 7315K [0x00000007e0000000, 0x0000000800000000)
  region size 1024K, 3 young (3072K), 3 survivors (3072K)
 Metaspace       used 23895K, committed 24128K, reserved 1114112K
  class space    used 2749K, committed 2880K, reserved 1048576K
}
Event: 0.627 GC heap before
{Heap before GC invocations=5 (full 0):
 garbage-first heap   total 27648K, used 7315K [0x00000007e0000000, 0x0000000800000000)
  region size 1024K, 4 young (4096K), 3 survivors (3072K)
 Metaspace       used 24065K, committed 24256K, reserved 1114112K
  class space    used 2778K, committed 2880K, reserved 1048576K
}
Event: 0.629 GC heap after
{Heap after GC invocations=6 (full 0):
 garbage-first heap   total 27648K, used 7434K [0x00000007e0000000, 0x0000000800000000)
  region size 1024K, 1 young (1024K), 1 survivors (1024K)
 Metaspace       used 24065K, committed 24256K, reserved 1114112K
  class space    used 2778K, committed 2880K, reserved 1048576K
}

