# JRE version: OpenJDK Runtime Environment Temurin-17.0.12+7 (17.0.12+7) (build 17.0.12+7)
# Java VM: OpenJDK 64-Bit Server VM Temurin-17.0.12+7 (17.0.12+7, mixed mode, tiered, compressed oops, compressed class ptrs, g1 gc, bsd-aarch64)
GC Precious Log:
 CPUs: 8 total, 8 available
 Memory: 16384M
 Large Page Support: Disabled
 NUMA Support: Disabled
 Compressed Oops: Enabled (Zero based)
 Heap Region Size: 1M
 Heap Min Capacity: 8M
 Heap Initial Capacity: 256M
 Heap Max Capacity: 512M
 Pre-touch: Disabled
 Parallel Workers: 8
 Concurrent Workers: 2
 Concurrent Refinement Workers: 8
 Periodic GC: Disabled
Heap:
 garbage-first heap   total 27648K, used 15630K [0x00000007e0000000, 0x0000000800000000)
  region size 1024K, 10 young (10240K), 1 survivors (1024K)
 Metaspace       used 25991K, committed 26176K, reserved 1114112K
  class space    used 3005K, committed 3072K, reserved 1048576K
GC Heap History (10 events):
Event: 0.291 GC heap before
{Heap before GC invocations=0 (full 0):
 garbage-first heap   total 262144K, used 22528K [0x00000007e0000000, 0x0000000800000000)
  region size 1024K, 23 young (23552K), 0 survivors (0K)
 Metaspace       used 14262K, committed 14464K, reserved 1114112K
  class space    used 1509K, committed 1600K, reserved 1048576K
}
Event: 0.294 GC heap after
{Heap after GC invocations=1 (full 0):
 garbage-first heap   total 262144K, used 4882K [0x00000007e0000000, 0x0000000800000000)
  region size 1024K, 3 young (3072K), 3 survivors (3072K)
 Metaspace       used 14262K, committed 14464K, reserved 1114112K
  class space    used 1509K, committed 1600K, reserved 1048576K
}
Event: 0.468 GC heap before
{Heap before GC invocations=1 (full 0):
 garbage-first heap   total 262144K, used 36626K [0x00000007e0000000, 0x0000000800000000)
  region size 1024K, 33 young (33792K), 3 survivors (3072K)
 Metaspace       used 20436K, committed 20736K, reserved 1114112K
  class space    used 2283K, committed 2432K, reserved 1048576K
}
Event: 0.470 GC heap after
{Heap after GC invocations=2 (full 0):
 garbage-first heap   total 262144K, used 6121K [0x00000007e0000000, 0x0000000800000000)
  region size 1024K, 2 young (2048K), 2 survivors (2048K)
 Metaspace       used 20436K, committed 20736K, reserved 1114112K
  class space    used 2283K, committed 2432K, reserved 1048576K
}
Event: 0.490 GC heap before
{Heap before GC invocations=2 (full 0):
 garbage-first heap   total 262144K, used 11241K [0x00000007e0000000, 0x0000000800000000)
  region size 1024K, 8 young (8192K), 2 survivors (2048K)
 Metaspace       used 21306K, committed 21504K, reserved 1114112K
  class space    used 2392K, committed 2496K, reserved 1048576K
}
Event: 0.491 GC heap after
{Heap after GC invocations=3 (full 0):
 garbage-first heap   total 262144K, used 6260K [0x00000007e0000000, 0x0000000800000000)
  region size 1024K, 2 young (2048K), 2 survivors (2048K)
 Metaspace       used 21306K, committed 21504K, reserved 1114112K
  class space    used 2392K, committed 2496K, reserved 1048576K
}
Event: 0.583 GC heap before
{Heap before GC invocations=4 (full 0):
 garbage-first heap   total 27648K, used 21620K [0x00000007e0000000, 0x0000000800000000)
  region size 1024K, 18 young (18432K), 2 survivors (2048K)
 Metaspace       used 23907K, committed 24192K, reserved 1114112K
  class space    used 2752K, committed 2880K, reserved 1048576K
}
Event: 0.585 GC heap after
{Heap after GC invocations=5 (full 0):
 garbage-first heap   total 27648K, used 7315K [0x00000007e0000000, 0x0000000800000000)
  region size 1024K, 3 young (3072K), 3 survivors (3072K)
 Metaspace       used 23907K, committed 24192K, reserved 1114112K
  class space    used 2752K, committed 2880K, reserved 1048576K
}
Event: 0.592 GC heap before
{Heap before GC invocations=5 (full 0):
 garbage-first heap   total 27648K, used 8339K [0x00000007e0000000, 0x0000000800000000)
  region size 1024K, 4 young (4096K), 3 survivors (3072K)
 Metaspace       used 24074K, committed 24256K, reserved 1114112K
  class space    used 2780K, committed 2880K, reserved 1048576K
}
Event: 0.594 GC heap after
{Heap after GC invocations=6 (full 0):
 garbage-first heap   total 27648K, used 7438K [0x00000007e0000000, 0x0000000800000000)
  region size 1024K, 1 young (1024K), 1 survivors (1024K)
 Metaspace       used 24074K, committed 24256K, reserved 1114112K
  class space    used 2780K, committed 2880K, reserved 1048576K
}

